<?xml version="1.0" encoding="UTF-8"?>
<!-- Generated by org.testng.reporters.JUnitReportReporter -->
<testsuite hostname="NOTE-CRISS" failures="0" tests="1" name="com.google.FirstTestScript" time="21.314" errors="0" timestamp="2022-03-17T16:52:06 CLST" skipped="0">
  <testcase classname="com.google.FirstTestScript" name="f" time="21.314"/>
  <system-out/>
</testsuite> <!-- com.google.FirstTestScript -->
