<?xml version="1.0" encoding="UTF-8"?>
<!-- Generated by org.testng.reporters.JUnitReportReporter -->
<testsuite hostname="NOTE-CRISS" failures="0" tests="1" name="com.google.FirstTest" time="4.284" errors="0" timestamp="2022-03-16T12:10:50 CLST" skipped="0">
  <testcase classname="com.google.FirstTest" name="f" time="4.284"/>
  <system-out/>
</testsuite> <!-- com.google.FirstTest -->
